  ColaArray.cpp
  Defensa.cpp
  EjerciciosArboles.cpp
  EjerciciosComienzo.cpp
  EjerciciosListas.cpp
  FuncAux.cpp
  FuncAux_s.cpp
  ManejadorSalidaPrueba.cpp
C:\Users\mcabr\algoritmos1\windows\2023s1_Ejercicios1\ManejadorSalidaPrueba.cpp(64,5): warning C4996: 'getcwd': The POSIX name for this item is deprecated. Instead, use the ISO C and C++ conformant name: _getcwd. See online help for details.
  Principal.cpp
  Pruebas.cpp
  PruebasArboles.cpp
  PruebasAuxArboles.cpp
  PruebasAuxComienzo.cpp
  PruebasAuxDefensa.cpp
  PruebasAuxListas.cpp
  PruebasComienzo.cpp
  PruebasDefensa.cpp
  PruebasListas.cpp
  PruebasPropias.cpp
  Generando código...
  aFramework.vcxproj -> C:\Users\mcabr\algoritmos1\windows\2023s1_Ejercicios1\Debug\aFramework.exe
